<?xml version="1.0" encoding="UTF-8"?>
<!-- Generated by org.testng.reporters.JUnitXMLReporter -->
<testsuite ignored="0" hostname="Krishna" failures="2" tests="2" name="Test" time="29.695" errors="0" timestamp="2024-05-27T17:45:45 IST">
  <testcase classname="Tests.SignUpTest" name="verify_Availiblilty_Of_Fields" time="4.42">
    <failure type="java.lang.AssertionError" message="The following asserts failed:
	signuppage: firstName field is not available expected [true] but found [false]">
      <![CDATA[java.lang.AssertionError: The following asserts failed:
signuppage: firstName field is not available expected [true] but found [false]
at Tests.SignUpTest.verify_Availiblilty_Of_Fields(SignUpTest.java:64)
at java.base/java.util.ArrayList.forEach(ArrayList.java:1596)
... Removed 27 stack frames]]>
    </failure>
  </testcase> <!-- verify_Availiblilty_Of_Fields -->
  <testcase classname="Tests.SignUpTest" name="verify_UI_Of_The_Signup_Page" time="4.306">
    <failure type="java.lang.AssertionError" message="The following asserts failed:
	SignupPage: title is not correct. expected [Register Accountkkk] but found [Register Account]">
      <![CDATA[java.lang.AssertionError: The following asserts failed:
SignupPage: title is not correct. expected [Register Accountkkk] but found [Register Account]
at Tests.SignUpTest.verify_UI_Of_The_Signup_Page(SignUpTest.java:40)
at java.base/java.util.ArrayList.forEach(ArrayList.java:1596)
... Removed 27 stack frames]]>
    </failure>
  </testcase> <!-- verify_UI_Of_The_Signup_Page -->
</testsuite> <!-- Test -->
